SQL> --Task4.1
SQL> SET ECHO ON
SQL> SET FEEDBACK ON
SQL> SET LINESIZE 100
SQL> SET PAGESIZE 100
SQL> SET SERVEROUTPUT ON
SQL> CREATE OR REPLACE PROCEDURE WHOTAUGHT (SubjectCode IN SUBJECT.CODE%TYPE)
IS
  LecturerFirstName ACADEMIC.FIRST_NAME%TYPE;
  LecturerLastName ACADEMIC.LAST_NAME%TYPE;
  SubjectName SUBJECT.NAME%TYPE;
  CURSOR Q1 IS
    SELECT DISTINCT ACADEMIC.FIRST_NAME, ACADEMIC.LAST_NAME FROM TEACHES
      JOIN ACADEMIC ON TEACHES.LECTURER = ACADEMIC.STAFF#
      WHERE (TEACHES.CODE = SubjectCode) AND (TEACHES.YEAR < 2016);
BEGIN

  SELECT NAME INTO SubjectName FROM SUBJECT WHERE SUBJECT.CODE = SubjectCode;
  DBMS_OUTPUT.PUT_LINE('Subject: ' || SubjectName);
  DBMS_OUTPUT.PUT_LINE('');
  DBMS_OUTPUT.PUT_LINE('Lecturers names who taught subject before 2016:');

  OPEN Q1;
    LOOP
    
    FETCH Q1 INTO LecturerFirstName, LecturerLastName;
        IF Q1%NOTFOUND THEN EXIT; END IF;
        
        DBMS_OUTPUT.PUT_LINE(LecturerFirstName || ' ' || LecturerLastName);
    
    END LOOP;
  CLOSE Q1;

END WHOTAUGHT;
/

Procedure WHOTAUGHT compiled

SQL> EXECUTE WHOTAUGHT('CSCI222');

PL/SQL procedure successfully completed.

Subject: Systems Development

Lecturers names who taught subject before 2016:
Harry Potter
Severus Snape
Rubeus Hagrid

SQL> --Task4.2
SQL> CREATE OR REPLACE FUNCTION FINDSUBJECTS (AcademicNumber IN ACADEMIC.STAFF#%TYPE)
RETURN VARCHAR IS
  FirstName ACADEMIC.FIRST_NAME%TYPE;
  LastName ACADEMIC.LAST_NAME%TYPE;
  SubjectCode TEACHES.CODE%TYPE;
  finalRow VARCHAR2(2000);
  CURSOR Q1 IS
    SELECT CODE FROM TEACHES WHERE LECTURER = AcademicNumber;
BEGIN

  SELECT FIRST_NAME, LAST_NAME INTO FirstName, LastName FROM ACADEMIC WHERE STAFF# = AcademicNumber;
  
  finalRow := FirstName || ' ' || LastName || '      ';
  
  OPEN Q1;
  LOOP
    FETCH Q1 INTO SubjectCode;
    IF Q1%NOTFOUND THEN EXIT; END IF;
    
      finalRow := finalRow || ' ' || SubjectCode;
    
    END LOOP;
  CLOSE Q1;
    
  RETURN(finalRow);
  
END FINDSUBJECTS;
/

Function FINDSUBJECTS compiled

SQL> SELECT FINDSUBJECTS(STAFF#) AS "ACADEMIC SUBJECTS" FROM ACADEMIC;

ACADEMIC SUBJECTS                                                                                  
----------------------------------------------------------------------------------------------------
Bill Gates       CSCI124 CSCI204 CSCI222 CSCI235 CSCI321                                            
Steven Jobs       CSCI124 CSCI204 CSCI321                                                           
Mark Zuckerberg       CSCI124 CSCI124 CSCI204 CSCI321                                               
James Bond       CSCI124 CSCI124 CSCI204 CSCI204 CSCI235 CSCI979                                    
Indiana Jones       CSCI124 CSCI235 CSCI235 CSCI321 CSCI321 CSCI321 CSCI979                         
Shrek Myers       CSCI204 CSCI204 CSCI204 CSCI235 CSCI235 CSCI235 CSCI979                           
George Lucas       CSCI235 CSCI979                                                                  
Harrison Ford       CSCI222 CSCI317 CSCI317 CSCI317 CSCI317 CSCI979                                 
Harry Potter       CSCI222 CSCI222 CSCI317 CSCI317 CSCI979                                          
Albus Dumbledore       CSCI317                                                                      
Severus Snape       CSCI222 CSCI222 CSCI222                                                         
Rubeus Hagrid       CSCI222                                                                         

 12 rows selected 

SQL> spool off;
